2024-10-01 12:51:57 info: =================================
2024-10-01 12:51:57 info: ======= ENV: development =======
2024-10-01 12:51:57 info: 🚀 App listening on the port 3000
2024-10-01 12:51:57 info: =================================
2024-10-01 15:45:26 info: =================================
2024-10-01 15:45:26 info: ======= ENV: development =======
2024-10-01 15:45:26 info: 🚀 App listening on the port 3000
2024-10-01 15:45:26 info: =================================
2024-10-01 16:32:08 info: =================================
2024-10-01 16:32:08 info: ======= ENV: development =======
2024-10-01 16:32:08 info: 🚀 App listening on the port 3000
2024-10-01 16:32:08 info: =================================
2024-10-01 17:03:55 info: =================================
2024-10-01 17:03:55 info: ======= ENV: development =======
2024-10-01 17:03:55 info: 🚀 App listening on the port 3000
2024-10-01 17:03:55 info: =================================
2024-10-01 17:05:17 info: =================================
2024-10-01 17:05:17 info: ======= ENV: development =======
2024-10-01 17:05:17 info: 🚀 App listening on the port 3000
2024-10-01 17:05:17 info: =================================
2024-10-01 17:06:16 info: =================================
2024-10-01 17:06:16 info: ======= ENV: development =======
2024-10-01 17:06:16 info: 🚀 App listening on the port 3000
2024-10-01 17:06:16 info: =================================
2024-10-01 17:06:20 info: =================================
2024-10-01 17:06:20 info: ======= ENV: development =======
2024-10-01 17:06:20 info: 🚀 App listening on the port 3000
2024-10-01 17:06:20 info: =================================
2024-10-01 17:06:25 info: =================================
2024-10-01 17:06:25 info: ======= ENV: development =======
2024-10-01 17:06:25 info: 🚀 App listening on the port 3000
2024-10-01 17:06:25 info: =================================
2024-10-01 17:09:52 info: =================================
2024-10-01 17:09:52 info: ======= ENV: development =======
2024-10-01 17:09:52 info: 🚀 App listening on the port 3000
2024-10-01 17:09:52 info: =================================
2024-10-01 17:10:35 info: =================================
2024-10-01 17:10:35 info: ======= ENV: development =======
2024-10-01 17:10:35 info: 🚀 App listening on the port 3000
2024-10-01 17:10:35 info: =================================
2024-10-01 17:28:15 info: =================================
2024-10-01 17:28:15 info: ======= ENV: development =======
2024-10-01 17:28:15 info: 🚀 App listening on the port 3000
2024-10-01 17:28:15 info: =================================
2024-10-01 17:33:38 info: =================================
2024-10-01 17:33:38 info: ======= ENV: development =======
2024-10-01 17:33:38 info: 🚀 App listening on the port 3000
2024-10-01 17:33:38 info: =================================
2024-10-01 17:39:30 info: [0mGET /auth/signup [33m404[0m 16.640 ms - 150[0m
2024-10-01 17:39:34 info: [0mPOST /auth/signup [33m404[0m 1.531 ms - 151[0m
2024-10-01 17:39:58 info: [0mPOST /auth/signup [33m404[0m 0.992 ms - 151[0m
2024-10-01 17:40:22 info: [0mPOST /api/v1/auth/signup [32m201[0m 177.856 ms - 599[0m
2024-10-01 17:41:08 info: [0mPOST /api/v1/auth/login [32m200[0m 100.069 ms - 523[0m
